<?xml version="1.0" encoding="UTF-8"?>
<!-- Generated by org.testng.reporters.JUnitXMLReporter -->
<testsuite hostname="DESKTOP-GB4PM6C" ignored="0" name="Test1" tests="1" failures="1" timestamp="25 Apr 2021 06:17:49 GMT" time="1.448" errors="0">
  <testcase name="verifySubTitle" time="1.437" classname="Maven.Test02">
    <failure type="org.openqa.selenium.SessionNotCreatedException" message="session not created: This version of ChromeDriver only supports Chrome version 88
Current browser version is 90.0.4430.85 with binary path C:\Program Files\Google\Chrome\Application\chrome.exe
Build info: version: &amp;apos;3.141.59&amp;apos;, revision: &amp;apos;e82be7d358&amp;apos;, time: &amp;apos;2018-11-14T08:17:03&amp;apos;
System info: host: &amp;apos;DESKTOP-GB4PM6C&amp;apos;, ip: &amp;apos;192.168.10.222&amp;apos;, os.name: &amp;apos;Windows 10&amp;apos;, os.arch: &amp;apos;amd64&amp;apos;, os.version: &amp;apos;10.0&amp;apos;, java.version: &amp;apos;1.8.0_144&amp;apos;
Driver info: driver.version: ChromeDriver
remote stacktrace: Backtrace:
	GetHandleVerifier [0x00DAB963+483]
	GetHandleVerifier [0x00DAB941+449]
	GetHandleVerifier [0x01153308+3832712]
	GetHandleVerifier [0x0116D69A+3940122]
	GetHandleVerifier [0x01169AFB+3924859]
	GetHandleVerifier [0x01167D9C+3917340]
	GetHandleVerifier [0x0118E7FE+4075646]
	GetHandleVerifier [0x0118E56C+4074988]
	GetHandleVerifier [0x0118B2EB+4062059]
	GetHandleVerifier [0x0116ED14+3945876]
	GetHandleVerifier [0x0116FBCE+3949646]
	GetHandleVerifier [0x0116FB59+3949529]
	Ordinal0 [0x00D6B5CC+46540]
	Ordinal0 [0x00D69F53+40787]
	Ordinal0 [0x00D69B12+39698]
	GetHandleVerifier [0x01071468+2907368]
	GetHandleVerifier [0x00EB71EE+1096302]
	GetHandleVerifier [0x00E73E8D+821005]
	GetHandleVerifier [0x00E7396B+819691]
	GetHandleVerifier [0x00E73881+819457]
	GetHandleVerifier [0x00E9F463+998627]
	BaseThreadInitThunk [0x7701FA29+25]
	RtlGetAppContainerNamedObjectPath [0x77D47A4E+286]
	RtlGetAppContainerNamedObjectPath [0x77D47A1E+238]
">
      <![CDATA[org.openqa.selenium.SessionNotCreatedException: session not created: This version of ChromeDriver only supports Chrome version 88
Current browser version is 90.0.4430.85 with binary path C:\Program Files\Google\Chrome\Application\chrome.exe
Build info: version: '3.141.59', revision: 'e82be7d358', time: '2018-11-14T08:17:03'
System info: host: 'DESKTOP-GB4PM6C', ip: '192.168.10.222', os.name: 'Windows 10', os.arch: 'amd64', os.version: '10.0', java.version: '1.8.0_144'
Driver info: driver.version: ChromeDriver
remote stacktrace: Backtrace:
	GetHandleVerifier [0x00DAB963+483]
	GetHandleVerifier [0x00DAB941+449]
	GetHandleVerifier [0x01153308+3832712]
	GetHandleVerifier [0x0116D69A+3940122]
	GetHandleVerifier [0x01169AFB+3924859]
	GetHandleVerifier [0x01167D9C+3917340]
	GetHandleVerifier [0x0118E7FE+4075646]
	GetHandleVerifier [0x0118E56C+4074988]
	GetHandleVerifier [0x0118B2EB+4062059]
	GetHandleVerifier [0x0116ED14+3945876]
	GetHandleVerifier [0x0116FBCE+3949646]
	GetHandleVerifier [0x0116FB59+3949529]
	Ordinal0 [0x00D6B5CC+46540]
	Ordinal0 [0x00D69F53+40787]
	Ordinal0 [0x00D69B12+39698]
	GetHandleVerifier [0x01071468+2907368]
	GetHandleVerifier [0x00EB71EE+1096302]
	GetHandleVerifier [0x00E73E8D+821005]
	GetHandleVerifier [0x00E7396B+819691]
	GetHandleVerifier [0x00E73881+819457]
	GetHandleVerifier [0x00E9F463+998627]
	BaseThreadInitThunk [0x7701FA29+25]
	RtlGetAppContainerNamedObjectPath [0x77D47A4E+286]
	RtlGetAppContainerNamedObjectPath [0x77D47A1E+238]

	at org.openqa.selenium.remote.W3CHandshakeResponse.lambda$errorHandler$0(W3CHandshakeResponse.java:62)
	at org.openqa.selenium.remote.HandshakeResponse.lambda$getResponseFunction$0(HandshakeResponse.java:30)
	at org.openqa.selenium.remote.ProtocolHandshake.lambda$createSession$0(ProtocolHandshake.java:126)
	at java.util.stream.ReferencePipeline$3$1.accept(ReferencePipeline.java:193)
	at java.util.Spliterators$ArraySpliterator.tryAdvance(Spliterators.java:958)
	at java.util.stream.ReferencePipeline.forEachWithCancel(ReferencePipeline.java:126)
	at java.util.stream.AbstractPipeline.copyIntoWithCancel(AbstractPipeline.java:498)
	at java.util.stream.AbstractPipeline.copyInto(AbstractPipeline.java:485)
	at java.util.stream.AbstractPipeline.wrapAndCopyInto(AbstractPipeline.java:471)
	at java.util.stream.FindOps$FindOp.evaluateSequential(FindOps.java:152)
	at java.util.stream.AbstractPipeline.evaluate(AbstractPipeline.java:234)
	at java.util.stream.ReferencePipeline.findFirst(ReferencePipeline.java:464)
	at org.openqa.selenium.remote.ProtocolHandshake.createSession(ProtocolHandshake.java:128)
	at org.openqa.selenium.remote.ProtocolHandshake.createSession(ProtocolHandshake.java:74)
	at org.openqa.selenium.remote.HttpCommandExecutor.execute(HttpCommandExecutor.java:136)
	at org.openqa.selenium.remote.service.DriverCommandExecutor.execute(DriverCommandExecutor.java:83)
	at org.openqa.selenium.remote.RemoteWebDriver.execute(RemoteWebDriver.java:552)
	at org.openqa.selenium.remote.RemoteWebDriver.startSession(RemoteWebDriver.java:213)
	at org.openqa.selenium.remote.RemoteWebDriver.<init>(RemoteWebDriver.java:131)
	at org.openqa.selenium.chrome.ChromeDriver.<init>(ChromeDriver.java:181)
	at org.openqa.selenium.chrome.ChromeDriver.<init>(ChromeDriver.java:168)
	at org.openqa.selenium.chrome.ChromeDriver.<init>(ChromeDriver.java:123)
	at Maven.Test02.verifySubTitle(Test02.java:13)
... Removed 29 stack frames]]>
    </failure>
  </testcase> <!-- verifySubTitle -->
</testsuite> <!-- Test1 -->
