<?xml version="1.0" encoding="UTF-8"?>
<!-- Generated by org.testng.reporters.JUnitXMLReporter -->
<testsuite hostname="DESKTOP-GB4PM6C" ignored="0" name="Test" tests="2" failures="2" timestamp="27 Apr 2021 07:42:25 GMT" time="0.053" errors="0">
  <testcase name="verifySubTitle" time="0.01" classname="Maven.Test02">
    <failure type="java.lang.Error" message="Unresolved compilation problems: 
	WebDriver cannot be resolved to a type
	ChromeDriver cannot be resolved to a type
	By cannot be resolved
">
      <![CDATA[java.lang.Error: Unresolved compilation problems: 
	WebDriver cannot be resolved to a type
	ChromeDriver cannot be resolved to a type
	By cannot be resolved

	at Maven.Test02.verifySubTitle(Test02.java:13)
... Removed 25 stack frames]]>
    </failure>
  </testcase> <!-- verifySubTitle -->
  <testcase name="verifyTitle" time="0.001" classname="Maven.Test01">
    <failure type="java.lang.Error" message="Unresolved compilation problems: 
	WebDriver cannot be resolved to a type
	ChromeDriver cannot be resolved to a type
">
      <![CDATA[java.lang.Error: Unresolved compilation problems: 
	WebDriver cannot be resolved to a type
	ChromeDriver cannot be resolved to a type

	at Maven.Test01.verifyTitle(Test01.java:12)
... Removed 25 stack frames]]>
    </failure>
  </testcase> <!-- verifyTitle -->
</testsuite> <!-- Test -->
