<?xml version="1.0" encoding="UTF-8"?>
<!-- Generated by org.testng.reporters.JUnitReportReporter -->
<testsuite name="Maven.Test01" tests="1" time="2.053" ignored="0" failures="0" timestamp="27 Apr 2021 07:44:08 GMT" skipped="0" hostname="DESKTOP-GB4PM6C" errors="1">
  <testcase name="verifyTitle" time="2.053" classname="Maven.Test01">
    <error type="org.openqa.selenium.SessionNotCreatedException" message="session not created: This version of ChromeDriver only supports Chrome version 88
Current browser version is 90.0.4430.93 with binary path C:\Program Files\Google\Chrome\Application\chrome.exe
Build info: version: &#039;3.141.59&#039;, revision: &#039;e82be7d358&#039;, time: &#039;2018-11-14T08:17:03&#039;
System info: host: &#039;DESKTOP-GB4PM6C&#039;, ip: &#039;192.168.10.222&#039;, os.name: &#039;Windows 10&#039;, os.arch: &#039;amd64&#039;, os.version: &#039;10.0&#039;, java.version: &#039;1.8.0_144&#039;
Driver info: driver.version: ChromeDriver
remote stacktrace: Backtrace:
	GetHandleVerifier [0x00B2B963+483]
	GetHandleVerifier [0x00B2B941+449]
	GetHandleVerifier [0x00ED3308+3832712]
	GetHandleVerifier [0x00EED69A+3940122]
	GetHandleVerifier [0x00EE9AFB+3924859]
	GetHandleVerifier [0x00EE7D9C+3917340]
	GetHandleVerifier [0x00F0E7FE+4075646]
	GetHandleVerifier [0x00F0E56C+4074988]
	GetHandleVerifier [0x00F0B2EB+4062059]
	GetHandleVerifier [0x00EEED14+3945876]
	GetHandleVerifier [0x00EEFBCE+3949646]
	GetHandleVerifier [0x00EEFB59+3949529]
	Ordinal0 [0x00AEB5CC+46540]
	Ordinal0 [0x00AE9F53+40787]
	Ordinal0 [0x00AE9B12+39698]
	GetHandleVerifier [0x00DF1468+2907368]
	GetHandleVerifier [0x00C371EE+1096302]
	GetHandleVerifier [0x00BF3E8D+821005]
	GetHandleVerifier [0x00BF396B+819691]
	GetHandleVerifier [0x00BF3881+819457]
	GetHandleVerifier [0x00C1F463+998627]
	BaseThreadInitThunk [0x7701FA29+25]
	RtlGetAppContainerNamedObjectPath [0x77D47A4E+286]
	RtlGetAppContainerNamedObjectPath [0x77D47A1E+238]
">
      <![CDATA[org.openqa.selenium.SessionNotCreatedException: session not created: This version of ChromeDriver only supports Chrome version 88
Current browser version is 90.0.4430.93 with binary path C:\Program Files\Google\Chrome\Application\chrome.exe
Build info: version: '3.141.59', revision: 'e82be7d358', time: '2018-11-14T08:17:03'
System info: host: 'DESKTOP-GB4PM6C', ip: '192.168.10.222', os.name: 'Windows 10', os.arch: 'amd64', os.version: '10.0', java.version: '1.8.0_144'
Driver info: driver.version: ChromeDriver
remote stacktrace: Backtrace:
	GetHandleVerifier [0x00B2B963+483]
	GetHandleVerifier [0x00B2B941+449]
	GetHandleVerifier [0x00ED3308+3832712]
	GetHandleVerifier [0x00EED69A+3940122]
	GetHandleVerifier [0x00EE9AFB+3924859]
	GetHandleVerifier [0x00EE7D9C+3917340]
	GetHandleVerifier [0x00F0E7FE+4075646]
	GetHandleVerifier [0x00F0E56C+4074988]
	GetHandleVerifier [0x00F0B2EB+4062059]
	GetHandleVerifier [0x00EEED14+3945876]
	GetHandleVerifier [0x00EEFBCE+3949646]
	GetHandleVerifier [0x00EEFB59+3949529]
	Ordinal0 [0x00AEB5CC+46540]
	Ordinal0 [0x00AE9F53+40787]
	Ordinal0 [0x00AE9B12+39698]
	GetHandleVerifier [0x00DF1468+2907368]
	GetHandleVerifier [0x00C371EE+1096302]
	GetHandleVerifier [0x00BF3E8D+821005]
	GetHandleVerifier [0x00BF396B+819691]
	GetHandleVerifier [0x00BF3881+819457]
	GetHandleVerifier [0x00C1F463+998627]
	BaseThreadInitThunk [0x7701FA29+25]
	RtlGetAppContainerNamedObjectPath [0x77D47A4E+286]
	RtlGetAppContainerNamedObjectPath [0x77D47A1E+238]

	at sun.reflect.NativeConstructorAccessorImpl.newInstance0(Native Method)
	at sun.reflect.NativeConstructorAccessorImpl.newInstance(NativeConstructorAccessorImpl.java:62)
	at sun.reflect.DelegatingConstructorAccessorImpl.newInstance(DelegatingConstructorAccessorImpl.java:45)
	at java.lang.reflect.Constructor.newInstance(Constructor.java:423)
	at org.openqa.selenium.remote.W3CHandshakeResponse.lambda$errorHandler$0(W3CHandshakeResponse.java:62)
	at org.openqa.selenium.remote.HandshakeResponse.lambda$getResponseFunction$0(HandshakeResponse.java:30)
	at org.openqa.selenium.remote.ProtocolHandshake.lambda$createSession$0(ProtocolHandshake.java:126)
	at java.util.stream.ReferencePipeline$3$1.accept(ReferencePipeline.java:193)
	at java.util.Spliterators$ArraySpliterator.tryAdvance(Spliterators.java:958)
	at java.util.stream.ReferencePipeline.forEachWithCancel(ReferencePipeline.java:126)
	at java.util.stream.AbstractPipeline.copyIntoWithCancel(AbstractPipeline.java:498)
	at java.util.stream.AbstractPipeline.copyInto(AbstractPipeline.java:485)
	at java.util.stream.AbstractPipeline.wrapAndCopyInto(AbstractPipeline.java:471)
	at java.util.stream.FindOps$FindOp.evaluateSequential(FindOps.java:152)
	at java.util.stream.AbstractPipeline.evaluate(AbstractPipeline.java:234)
	at java.util.stream.ReferencePipeline.findFirst(ReferencePipeline.java:464)
	at org.openqa.selenium.remote.ProtocolHandshake.createSession(ProtocolHandshake.java:128)
	at org.openqa.selenium.remote.ProtocolHandshake.createSession(ProtocolHandshake.java:74)
	at org.openqa.selenium.remote.HttpCommandExecutor.execute(HttpCommandExecutor.java:136)
	at org.openqa.selenium.remote.service.DriverCommandExecutor.execute(DriverCommandExecutor.java:83)
	at org.openqa.selenium.remote.RemoteWebDriver.execute(RemoteWebDriver.java:552)
	at org.openqa.selenium.remote.RemoteWebDriver.startSession(RemoteWebDriver.java:213)
	at org.openqa.selenium.remote.RemoteWebDriver.<init>(RemoteWebDriver.java:131)
	at org.openqa.selenium.chrome.ChromeDriver.<init>(ChromeDriver.java:181)
	at org.openqa.selenium.chrome.ChromeDriver.<init>(ChromeDriver.java:168)
	at org.openqa.selenium.chrome.ChromeDriver.<init>(ChromeDriver.java:123)
	at Maven.Test01.verifyTitle(Test01.java:12)
	at sun.reflect.NativeMethodAccessorImpl.invoke0(Native Method)
	at sun.reflect.NativeMethodAccessorImpl.invoke(NativeMethodAccessorImpl.java:62)
	at sun.reflect.DelegatingMethodAccessorImpl.invoke(DelegatingMethodAccessorImpl.java:43)
	at java.lang.reflect.Method.invoke(Method.java:498)
	at org.testng.internal.MethodInvocationHelper.invokeMethod(MethodInvocationHelper.java:104)
	at org.testng.internal.Invoker.invokeMethod(Invoker.java:645)
	at org.testng.internal.Invoker.invokeTestMethod(Invoker.java:851)
	at org.testng.internal.Invoker.invokeTestMethods(Invoker.java:1177)
	at org.testng.internal.TestMethodWorker.invokeTestMethods(TestMethodWorker.java:129)
	at org.testng.internal.TestMethodWorker.run(TestMethodWorker.java:112)
	at org.testng.TestRunner.privateRun(TestRunner.java:756)
	at org.testng.TestRunner.run(TestRunner.java:610)
	at org.testng.SuiteRunner.runTest(SuiteRunner.java:387)
	at org.testng.SuiteRunner.runSequentially(SuiteRunner.java:382)
	at org.testng.SuiteRunner.privateRun(SuiteRunner.java:340)
	at org.testng.SuiteRunner.run(SuiteRunner.java:289)
	at org.testng.SuiteRunnerWorker.runSuite(SuiteRunnerWorker.java:52)
	at org.testng.SuiteRunnerWorker.run(SuiteRunnerWorker.java:86)
	at org.testng.TestNG.runSuitesSequentially(TestNG.java:1293)
	at org.testng.TestNG.runSuitesLocally(TestNG.java:1218)
	at org.testng.TestNG.runSuites(TestNG.java:1133)
	at org.testng.TestNG.run(TestNG.java:1104)
	at org.testng.remote.AbstractRemoteTestNG.run(AbstractRemoteTestNG.java:132)
	at org.testng.remote.RemoteTestNG.initAndRun(RemoteTestNG.java:236)
	at org.testng.remote.RemoteTestNG.main(RemoteTestNG.java:81)
]]>
    </error>
  </testcase> <!-- verifyTitle -->
</testsuite> <!-- Maven.Test01 -->
